\BOOKMARK [1][-]{section.1}{\376\377\000I\000n\000t\000r\000o\000d\000u\000c\000t\000i\000o\000n}{}% 1
\BOOKMARK [1][-]{section.2}{\376\377\000C\000o\000n\000c\000e\000p\000t\000i\000o\000n}{}% 2
\BOOKMARK [2][-]{subsection.2.1}{\376\377\000C\000a\000h\000i\000e\000r\000\040\000d\000e\000s\000\040\000c\000h\000a\000r\000g\000e\000s}{section.2}% 3
\BOOKMARK [2][-]{subsection.2.2}{\376\377\000F\000o\000n\000c\000t\000i\000o\000n\000n\000a\000l\000i\000t\000\351\000s}{section.2}% 4
\BOOKMARK [1][-]{section.3}{\376\377\000O\000r\000g\000a\000n\000i\000s\000a\000t\000i\000o\000n\000\040\000d\000u\000\040\000p\000r\000o\000j\000e\000t}{}% 5
\BOOKMARK [2][-]{subsection.3.1}{\376\377\000P\000l\000a\000n\000n\000i\000n\000g\000\040\000p\000r\000\351\000v\000i\000s\000i\000o\000n\000n\000e\000l}{section.3}% 6
\BOOKMARK [2][-]{subsection.3.2}{\376\377\000R\000\351\000p\000a\000r\000t\000i\000t\000i\000o\000n\000\040\000d\000e\000s\000\040\000t\000\342\000c\000h\000e\000s}{section.3}% 7
\BOOKMARK [1][-]{section.4}{\376\377\000D\000\351\000v\000e\000l\000o\000p\000p\000e\000m\000e\000n\000t}{}% 8
\BOOKMARK [2][-]{subsection.4.1}{\376\377\000C\000r\000\351\000a\000t\000i\000o\000n\000\040\000d\000u\000\040\000m\000o\000t\000e\000u\000r\000\040\000d\000e\000\040\000j\000e\000u\000\040\0003\000D}{section.4}% 9
\BOOKMARK [3][-]{subsubsection.4.1.1}{\376\377\000C\000o\000n\000c\000e\000p\000t\000i\000o\000n\000\040\000d\000u\000\040\000m\000o\000t\000e\000u\000r\000\040\000d\000e\000\040\000r\000e\000n\000d\000u\000\040\000\050\000O\000p\000e\000n\000G\000L\000\051}{subsection.4.1}% 10
\BOOKMARK [3][-]{subsubsection.4.1.2}{\376\377\000C\000o\000n\000c\000e\000p\000t\000i\000o\000n\000\040\000d\000u\000\040\000m\000o\000t\000e\000u\000r\000\040\000d\000e\000\040\000p\000h\000y\000s\000i\000q\000u\000e}{subsection.4.1}% 11
\BOOKMARK [3][-]{subsubsection.4.1.3}{\376\377\000C\000o\000n\000c\000e\000p\000t\000i\000o\000n\000\040\000d\000e\000\040\000l\000'\000a\000r\000b\000r\000e\000\040\000d\000e\000\040\000d\000o\000n\000n\000\351\000e\000s}{subsection.4.1}% 12
\BOOKMARK [3][-]{subsubsection.4.1.4}{\376\377\000C\000o\000n\000c\000e\000p\000t\000i\000o\000n\000\040\000d\000e\000s\000\040\000c\000l\000a\000s\000s\000e\000s\000\040\000e\000t\000\040\000h\000\351\000r\000i\000t\000a\000g\000e}{subsection.4.1}% 13
\BOOKMARK [3][-]{subsubsection.4.1.5}{\376\377\000C\000o\000n\000c\000e\000p\000t\000i\000o\000n\000\040\000d\000e\000s\000\040\000e\000n\000t\000r\000\351\000e\000s\000\040\000s\000o\000r\000t\000i\000e\000s}{subsection.4.1}% 14
\BOOKMARK [2][-]{subsection.4.2}{\376\377\000C\000r\000\351\000a\000t\000i\000o\000n\000\040\000d\000e\000s\000\040\000r\000e\000s\000s\000o\000u\000r\000c\000e\000s}{section.4}% 15
\BOOKMARK [3][-]{subsubsection.4.2.1}{\376\377\000C\000o\000n\000c\000e\000p\000t\000i\000o\000n\000\040\000d\000u\000\040\000m\000o\000d\000\350\000l\000e\000\040\0003\000d\000\040\000e\000t\000\040\000d\000e\000s\000\040\000t\000e\000x\000t\000u\000r\000e\000s}{subsection.4.2}% 16
\BOOKMARK [3][-]{subsubsection.4.2.2}{\376\377\000C\000o\000n\000c\000e\000p\000t\000i\000o\000n\000\040\000d\000e\000s\000\040\000m\000u\000s\000i\000q\000u\000e\000s\000\040\000e\000t\000\040\000e\000f\000f\000e\000t\000s\000\040\000s\000o\000n\000o\000r\000e\000s}{subsection.4.2}% 17
\BOOKMARK [2][-]{subsection.4.3}{\376\377\000G\000e\000s\000t\000i\000o\000n\000\040\000d\000e\000s\000\040\000s\000c\000\350\000n\000e\000s}{section.4}% 18
\BOOKMARK [3][-]{subsubsection.4.3.1}{\376\377\000G\000e\000s\000t\000i\000o\000n\000\040\000d\000e\000s\000\040\000o\000b\000j\000e\000t\000s}{subsection.4.3}% 19
\BOOKMARK [3][-]{subsubsection.4.3.2}{\376\377\000G\000e\000s\000t\000i\000o\000n\000\040\000d\000e\000s\000\040\000P\000N\000J\000\040\000\050\000p\000e\000r\000s\000o\000n\000n\000a\000g\000e\000s\000\040\000n\000o\000n\000\040\000j\000o\000u\000e\000u\000r\000s\000\051}{subsection.4.3}% 20
\BOOKMARK [3][-]{subsubsection.4.3.3}{\376\377\000P\000l\000a\000c\000e\000m\000e\000n\000t\000\040\000d\000e\000s\000\040\000c\000o\000l\000l\000i\000s\000i\000o\000n\000s}{subsection.4.3}% 21
\BOOKMARK [1][-]{section.5}{\376\377\000R\000\351\000s\000u\000l\000t\000a\000t\000s\000\040\000e\000t\000\040\000c\000o\000n\000c\000l\000u\000s\000i\000o\000n}{}% 22
\BOOKMARK [1][-]{section.6}{\376\377\000B\000i\000b\000l\000i\000o\000g\000r\000a\000p\000h\000i\000e}{}% 23
\BOOKMARK [1][-]{section.7}{\376\377\000A\000n\000n\000e\000x\000e\000s}{}% 24
\BOOKMARK [2][-]{subsection.7.1}{\376\377\000C\000o\000d\000e\000\040\000d\000'\000u\000n\000e\000\040\000c\000l\000a\000s\000s\000e\000\040\000g\000\351\000n\000\351\000r\000i\000q\000u\000e}{section.7}% 25
\BOOKMARK [2][-]{subsection.7.2}{\376\377\000R\000e\000n\000d\000u\000\040\000d\000i\000f\000f\000\351\000r\000\351}{section.7}% 26
\BOOKMARK [2][-]{subsection.7.3}{\376\377\000P\000i\000p\000e\000l\000i\000n\000e\000\040\000g\000r\000a\000p\000h\000i\000q\000u\000e}{section.7}% 27
\BOOKMARK [2][-]{subsection.7.4}{\376\377\000M\000u\000s\000i\000q\000u\000e}{section.7}% 28
\BOOKMARK [2][-]{subsection.7.5}{\376\377\000T\000a\000b\000l\000e\000a\000u\000\040\000d\000e\000s\000\040\000d\000i\000f\000f\000\351\000r\000e\000n\000t\000s\000\040\000n\001\123\000u\000d\000s\000\040\000d\000e\000\040\000l\000a\000\040\000s\000c\000\350\000n\000e}{section.7}% 29
\BOOKMARK [2][-]{subsection.7.6}{\376\377\000T\000a\000b\000l\000e\000a\000u\000\040\000d\000e\000s\000\040\000c\000o\000m\000m\000a\000n\000d\000e\000s\000\040\000S\000o\000c\000k\000e\000t\000\040\000d\000u\000\040\000m\000i\000n\000i\000-\000j\000e\000u\000\040\000\253\000\040\000F\000P\000S\000\040\000C\000h\000e\000s\000s\000\040\000\273}{section.7}% 30
